<?xml version="1.0" encoding="UTF-8"?>
<testng-results skipped="0" failed="0" total="1" passed="1">
  <reporter-output>
  </reporter-output>
  <suite name="Default suite" duration-ms="116898" started-at="2020-10-26T09:56:47Z" finished-at="2020-10-26T09:58:44Z">
    <groups>
      <group name="cucumber">
        <method signature="AbstractTestNGCucumberTests.runScenario(io.cucumber.testng.PickleWrapper, io.cucumber.testng.FeatureWrapper)[pri:0, instance:runner.ManageUserRunner$TestRunner@527e5409]" name="runScenario" class="io.cucumber.testng.AbstractTestNGCucumberTests"/>
      </group> <!-- cucumber -->
    </groups>
    <test name="Default test" duration-ms="116898" started-at="2020-10-26T09:56:47Z" finished-at="2020-10-26T09:58:44Z">
      <class name="runner.ManageUserRunner$TestRunner">
        <test-method status="PASS" signature="setUpClass()[pri:0, instance:runner.ManageUserRunner$TestRunner@527e5409]" name="setUpClass" is-config="true" duration-ms="567" started-at="2020-10-26T15:26:47Z" finished-at="2020-10-26T15:26:48Z">
          <reporter-output>
          </reporter-output>
        </test-method> <!-- setUpClass -->
        <test-method status="PASS" signature="runScenario(io.cucumber.testng.PickleWrapper, io.cucumber.testng.FeatureWrapper)[pri:0, instance:runner.ManageUserRunner$TestRunner@527e5409]" name="runScenario" duration-ms="116291" started-at="2020-10-26T15:26:48Z" description="Runs Cucumber Scenarios" data-provider="scenarios" finished-at="2020-10-26T15:28:44Z">
          <params>
            <param index="0">
              <value>
                <![CDATA["Create User"]]>
              </value>
            </param>
            <param index="1">
              <value>
                <![CDATA["Mange User"]]>
              </value>
            </param>
          </params>
          <reporter-output>
          </reporter-output>
        </test-method> <!-- runScenario -->
        <test-method status="PASS" signature="tearDownClass()[pri:0, instance:runner.ManageUserRunner$TestRunner@527e5409]" name="tearDownClass" is-config="true" duration-ms="5" started-at="2020-10-26T15:28:44Z" finished-at="2020-10-26T15:28:44Z">
          <reporter-output>
          </reporter-output>
        </test-method> <!-- tearDownClass -->
      </class> <!-- runner.ManageUserRunner$TestRunner -->
    </test> <!-- Default test -->
  </suite> <!-- Default suite -->
</testng-results>
